* using log directory ‘/Users/edwinthoen/Documents/R_packages/padr/..Rcheck’
* using R version 3.3.2 (2016-10-31)
* using platform: x86_64-apple-darwin13.4.0 (64-bit)
* using session charset: UTF-8
* checking for file ‘./DESCRIPTION’ ... OK
* checking extension type ... Package
* this is package ‘padr’ version ‘0.1.0’
* package encoding: UTF-8
* checking package namespace information ... OK
* checking package dependencies ... OK
* checking if this is a source package ... WARNING
Subdirectory ‘padr/src’ contains apparent object files/libraries
  padr.so RcppExports.o round_down_core.o round_up_core.o
Object files/libraries should not be included in a source package.
* checking if there is a namespace ... OK
* checking for executable files ... WARNING
Found the following executable files:
  .git/objects/00/72ae541b6f80163976e0e5ef97edf6945814f3
  .git/objects/00/76ea8b3c2108d917ac037c0de3ec71ab4533e0
  .git/objects/00/fabce61cbe4301e9ce6c14cbf596cb9825f323
  .git/objects/01/d1f16155d603b1c2bd13e128acd783c26b46d6
  .git/objects/02/29ef4a93d2d45347123ae8df572dcae22e1635
  .git/objects/02/2eba3fe699522568d88989ed688cf9a5d87997
  .git/objects/02/412da881e1294a099fd948f0ab3919224bea20
  .git/objects/02/58c87487ccf562a04bf5329db4c760911ed7b5
  .git/objects/02/76bcb9bf300cf4f9eabf8da54c92e66c048756
  .git/objects/02/a46f3c4024e85dbab481b6c9a161dc7186f1c0
  .git/objects/02/a81794bfa68b38ce6e3d04000c4a6aaf865862
  .git/objects/02/af8749b5d58e65268f230b258aff2e78b6744d
  .git/objects/02/f8e3199c8f2c02b0571fe757f597767d57d0cb
  .git/objects/03/00f4359117f3b9a9141fc005dea3f24dd37fff
  .git/objects/03/664005f4b9e75570d5ba3dd50c2e74a46dcea0
  .git/objects/04/16dc41bf997aee4b16d5f290a5865f67be0820
  .git/objects/04/1992e61978c8345f67a7f3d6c4e4fa9136b83a
  .git/objects/04/509fcd85746dd8dc11d6019e6e1bba5b26876a
  .git/objects/04/c1b2374897402fcf49a6a50e9572706a910af2
  .git/objects/04/c97d54edfffe4cc1d6352b68a4eeed5f377d0a
  .git/objects/05/2231c13e259d2b66f2ac475686c573868d3aef
  .git/objects/05/52536be1af2a21d68cbecae818a992ca1d8ec0
  .git/objects/06/493d2ad6cd893f81727615cc434cb8a3b0c239
  .git/objects/06/8366f6d2481025fc7e5aeace07a416e1f2713b
  .git/objects/06/e03d217922e3824f989e8ff1f7d920aa478d3f
  .git/objects/06/e0587c0a02e3c5d0bd24034806ae8192b01bc3
  .git/objects/07/116391cfe37aa0f4aff85473932ad52b2894db
  .git/objects/08/07fa1b6054b5f55445f492e7f121a574049004
  .git/objects/08/2909ebccdcfe31d4456512cd026bf0cfb3f7c1
  .git/objects/09/74fbe9fba21b6f25a5d75b30da93702040c410
  .git/objects/09/a2cd801f73af98a6abc35bc006fd6bcc432153
  .git/objects/09/d832247bfc6d707164825b093e26f364fa636b
  .git/objects/09/e8e940fec3ea4c38e9e7aff2beeb09ae72887b
  .git/objects/0a/1430ad64d365c8410e0ef112d20e746df0494f
  .git/objects/0a/262f63518b2d8fe635d33006b41d7469d7d4f9
  .git/objects/0a/5324a0437244adeb24b673b97c0618da389ca1
  .git/objects/0a/ddcb8187ab7001d30bc5d54237429762ebf418
  .git/objects/0b/60c3e78b5c49fd3397d7f58be775b1d5299959
  .git/objects/0b/e1a978aa23ee05e1cff3fd90de143676f041d9
  .git/objects/0b/fea39530fe1000e6405b146f9471e5a6cbe281
  .git/objects/0c/4655f858b45d3e421c7dd93a08ecdfece536de
  .git/objects/0c/a9029065e3aba93dc17c818a115f24bcc4f69b
  .git/objects/0d/18628f1e0d5cb2124c7e57e59f7f7c1ec873c3
  .git/objects/0d/26cc5685215522d5239be96776b2e673d4d648
  .git/objects/0d/dceecaf0a9e7792f191eaa72becb78a1688784
  .git/objects/0d/f7e3a79c2568b762b9a872fc0792aa69b504df
  .git/objects/0e/129e00cdfb7668f0719a734183fecdf54fd667
  .git/objects/0e/725bcc614d5b5da48002934a3420dbf64fc4f0
  .git/objects/0f/41cbe43f6145f78023b1e12083b66665ad6e39
  .git/objects/0f/a7c4b8817591c2dff2b3997d2566320ac6d9fc
  .git/objects/10/02e44f35676ae02c7e884391fe4578f63e9828
  .git/objects/10/16232740c1309d35a66eec165a4a9bb8864bff
  .git/objects/10/2e4da200153a2aa2e3e3391d9310074ae173d7
  .git/objects/10/44cdb523a83507d0a59e23d14f90f937732868
  .git/objects/10/c95443e2a9a6c14a755bbac3276be784b10310
  .git/objects/10/fc91c7a5305818151e658353142458053fc20f
  .git/objects/11/0819397ecf27a68cf54b98136aa09e42e63781
  .git/objects/11/269e9ead581445f1bf0662a15912264086a6dd
  .git/objects/11/c94bcfe6a172a258edd0dec0f899924177b4a8
  .git/objects/12/08de4e6bf6321cb316c754af1c2348d38eab96
  .git/objects/13/04d7581321f37724c3d2ba04eec3b20e1ab35f
  .git/objects/13/44e42e5e9904bb58325a3ef9ed75ae8f07f2b4
  .git/objects/13/49f929a7f2937e3d75f04caf98050b658a1631
  .git/objects/13/68ef01a4977c0360fb7305bc3e79ae3ba8c6dd
  .git/objects/13/bd8db03613628a6b8b99ebd6eb8cc13dd5971a
  .git/objects/13/d15bd1eabf1c6f0f88a16df0f6b751be5fc842
  .git/objects/14/d30aa3278a21b5b40570e2301aa1e8d88e9761
  .git/objects/14/ee808f55169c9630f131dc64736846aadf514f
  .git/objects/15/30b94a206fa9da942aa86546a24f55b3900c85
  .git/objects/15/e233f26c131525efb672873940198d5f4b2dbb
  .git/objects/15/e9da3506f1b545e0992e056f7c0b466aae126d
  .git/objects/16/1f27c8f879798a06ebcbf1d5cb8c08e81eede5
  .git/objects/16/894c580d16de03033e4fbef9dad3acc82f021e
  .git/objects/16/ec88aac91d06d680d5a49a86eef2b05a35bff9
  .git/objects/17/94ba4dbd744951f6c2217ccd1ce9f278c6b49e
  .git/objects/17/b1b76bf454bce6179016f8b3b8c00c4dfb1236
  .git/objects/18/2c37c46d29401c04b02e963941cde25e6000d6
  .git/objects/18/97f34b4b8284d7370b9c7b5cb1eafbcabd3021
  .git/objects/18/e173a70dfe0682ce98169453450a9a6e69c470
  .git/objects/19/eaacee9724cecd143b59534de26e71365fb847
  .git/objects/1a/56dcaecff45f770addfa2e22e399586e15306b
  .git/objects/1a/7e20354921ae393d1b64311dc727447ff95e76
  .git/objects/1a/ecf5145e1c3adcd233aff369b922f733a6409f
  .git/objects/1b/65dfe9766f400ba2a31d1abcbfaa84e766208a
  .git/objects/1c/1c09b144e5d04249f45d8ed8de707e7bdab187
  .git/objects/1c/35dc6f4a2a094a817460cb0856684c625e0c44
  .git/objects/1c/92cc2d09a2e152bc631a71fe4b27b38cc65120
  .git/objects/1c/d205f0e53a2702dcc3f1b0626a1ea66f17f642
  .git/objects/1c/eaa2bd53a8b66ff1872e9b8dbd21658c168bf1
  .git/objects/1d/5f1f231cb2a8c1a8e12dc9460e2aef782e17f6
  .git/objects/1d/8052305117e68133470166642cf230afef3bcc
  .git/objects/1d/921e4214dcfeaa5a7cdd73aba1c3980f985705
  .git/objects/1e/330165132f310d44ea42ea9790943e1d7a92d9
  .git/objects/1e/a889d664d1e0b53135887127068ff63fbba31a
  .git/objects/1e/f1e838ec4c3c19fdbd8f86fcc81fec6ce92dc9
  .git/objects/1f/2e88308af0842ee805df610cca5297bbffdc53
  .git/objects/1f/7ae2732211d0376e667fa27881f4ec333abc73
  .git/objects/1f/973f32cf2874d61d7af22c2cd51055c7f61e2b
  .git/objects/1f/acea45ff1e7629f2f0debbae83da607cd95fd1
  .git/objects/1f/cf43c083536fb0926555272b7d0cf4043ca754
  .git/objects/1f/dda771318915ca3fc3199b8b57d4b1de5d9244
  .git/objects/1f/e771054adc03eb01988130e152c440d1ea77f2
  .git/objects/1f/ea2e74423763079d06ee80e34584c3f3594a61
  .git/objects/20/182c14a69b34113824ea580343c4ef6f4bd90a
  .git/objects/20/3c7fd1a02ec197f5b2cbd58fd6e1a078689ded
  .git/objects/20/5558d08b40a34ef12707e3c23e98b1cc33aafa
  .git/objects/20/d175e63cd1d9cb31cb7b551b6c98251d3a0e72
  .git/objects/20/d59bb7b737abef22068046108fc1792e3e711a
  .git/objects/21/ae00e013dae225d0213e795c32a299204d35c9
  .git/objects/22/034c461fce9171ea1d649f15429426e0eb8d10
  .git/objects/22/4a36d90791c248881cd989875cb70adf4ded8a
  .git/objects/22/54201b5e6639105b4964469b58b52893b9558f
  .git/objects/22/b8dcf20244e4687dbda5c23ff2e8fcf81163d6
  .git/objects/22/c31d4ca8d65d9d17d189771a20a2ef1fd4186b
  .git/objects/23/09653a2d108d5fec6e70786d3f594160b88559
  .git/objects/23/7dd9d8a0cb00eb6e610e42f030834782684906
  .git/objects/23/c475c9126030aeba4b521b0dd6bdbf48520409
  .git/objects/24/069ac08a0f99af036d51465336b7ae4e9e0430
  .git/objects/24/109532274f34985ac99f5d6642d3274b9c31be
  .git/objects/24/c91db653be11873b79c453a152042ae9425f4d
  .git/objects/24/e9786f1d72a3c4c7af9eeea67273aadbc79951
  .git/objects/24/f3514ae121188efe84369f1be7ee45c1e072c6
  .git/objects/25/3b8eb1c578929db0b743fb145e371b7af02e8e
  .git/objects/25/ac37a8b82590fc3621467342aa7a4c34d87fe9
  .git/objects/25/eedd703e65c326da581620a8eaf2bc01e50600
  .git/objects/26/a8a817797d7e4f246ab400b61539eb22b1bddb
  .git/objects/26/b1a505cc91fa74236d66ef03f9838f6afc7490
  .git/objects/26/cdaf4c917268d59e785ed2f8af35401c4f016c
  .git/objects/27/046bea58c38e0240d29d45b431474d0482a5f5
  .git/objects/28/83cefadf9fd10c53581490dec8a073283f778a
  .git/objects/28/b940f258a63986a5fca50456f2a74ecfca9285
  .git/objects/29/742d59add55ab1dc13d3fe3bbd749a0c94cc87
  .git/objects/29/820a49fdea597568d3ad09b2f1041550eac596
  .git/objects/29/a4396585ea1dfdb5f6d72c8d3fb32cb7e2d3d7
  .git/objects/29/c231454cdd162fb548f96ab470326291a6a27e
  .git/objects/2a/88faacb8a348659daecff66b80cdedda350b36
  .git/objects/2b/147b76d45d2c6ac9051044f4282c5918ef543e
  .git/objects/2b/55b18bfffc88b70283b420fd13a5d6b67fdb5e
  .git/objects/2b/cc87ec08a0e6a2011358870ebfb161a6244a9d
  .git/objects/2b/eb5f3d728d8de33c75baff2a03f5cf31a400c2
  .git/objects/2c/5e1e67544c5835fb2ccac0c8e8e7736f96e886
  .git/objects/2c/965b37ac3402d2b8d50539d8c258997ed88367
  .git/objects/2c/da0641bc047e71492d83774f2c6a824ac1a876
  .git/objects/2d/2c4cad5aeefdc0de56bf61223035f441236cad
  .git/objects/2d/410ee6040d0b6b3e9881afd4a208d4fb9a3c1f
  .git/objects/2d/556022ba8bdfb21ea64444a0b3ee11943ae179
  .git/objects/2d/953917b277ae8e72974a13c3173ca2362467d4
  .git/objects/2d/d054c11e7427a13e734508afce8fea67d29892
  .git/objects/2d/d592111e0e7ccd469ad720e739026cf77cc82e
  .git/objects/2d/e86f37dd36ea96a6306dfb3337c8a427594b9d
  .git/objects/2e/1562ff588fed0a07fa1c01e00c1defd315eec2
  .git/objects/2e/601990665a3406c02727dc4d49fe9079224f57
  .git/objects/2e/dd72c2a3dc321fc3ae2bdffb77d8edb76f563b
  .git/objects/2e/f31901e88a9232b51406d95583526388bc02bd
  .git/objects/2f/b8db69868052d0ae85c162719a68b4fc1b0edc
  .git/objects/30/55c648bd085434502827e7f242ffeef9ac719e
  .git/objects/31/60b219c10c967f5c9dcd70df7a0abbeb499670
  .git/objects/31/b02f80d2be0dc6ffa89dda80898187a4dd1f62
  .git/objects/31/cc4f1dfdd8f24c3457dad5678c9463126b8675
  .git/objects/31/f3231fa29f39a8f48c49d03fc4eaf2fc96618b
  .git/objects/32/0d47d0712589ab510cd026383173eef6986fca
  .git/objects/32/36e58da418529ea892d6a3772a84ce11bade60
  .git/objects/32/64d404aa66e39528d8e729e3e6d0c87b0cb214
  .git/objects/32/f1e80ed8416f098e86f12bfbb2a1ae040b6c89
  .git/objects/33/155ea161a222b73888e5795043fbb1261b7e47
  .git/objects/33/d99cdd31626316968609b4c4d3aaf0bed4c82d
  .git/objects/34/0e4f6ca538cd285176970a46a3789d5f52f41d
  .git/objects/34/8a2a94d583446875d4851b1dc4245ff82d45df
  .git/objects/34/be890123a9eb2ea25c8f2464733cfb778c305e
  .git/objects/35/21cb3628c9768474701d15021b73c2c38e69a2
  .git/objects/35/6fa6a3780c0b9671df69b6afc26d5b96d5abb3
  .git/objects/35/81149c279a03a854d25ee20592f255514b1809
  .git/objects/35/a813d296297b4960576d65c89f9904e540253d
  .git/objects/35/debac82096eb2ac1bce32de878491803c0090b
  .git/objects/36/d1df7e81ac7cbc71d5d5954ac5e70ee188e43a
  .git/objects/37/26b4d38966c6ef32b19fbb0e25c58a2cd2d7b5
  .git/objects/37/550db2b6b4c6e0dad5b1a154b775b6005bb7e8
  .git/objects/37/d42c3913f5ef13ac08fb3b29bd65560612f613
  .git/objects/38/edd13e7d523a1cddeab0dde327736b92ec3642
  .git/objects/39/55f40b09aa01f126923b7c9b979372fa9c4bcf
  .git/objects/39/799fd77823f81749435ad5156a8a0ad949c693
  .git/objects/39/dff8864d317d8f4431b8bd71180e1bd3988e88
  .git/objects/39/e1dab8301e1e1fa545aaa25bf79437bf69fcc2
  .git/objects/39/eab3af1fb1276252c5e3018f5bb1195031f8af
  .git/objects/39/faa0f7e14e6b8370d8722a4b65d197e49b0dcf
  .git/objects/3a/148c0c4ccd2db16b54db3f0299360506a64bdd
  .git/objects/3a/1ce832eba9ecf801e8983729c5e2a175955b20
  .git/objects/3a/273bd75a658bbc4116016e53899777d3349398
  .git/objects/3a/2b51876e2de4b4920761ea4aef1ebac47fb88d
  .git/objects/3a/498ad37aec482aa53034d2f8065af04910a704
  .git/objects/3a/881ef308893e75b1ce0b8aec1546e6c4537e90
  .git/objects/3a/95e5e41b6408ef100a04c9149450f566e74bba
  .git/objects/3a/abafb9d5b18dc050c5439f51d3072fa9b67513
  .git/objects/3a/c0b6f5874f4e146eba2c5cc3d93745faf8b5ad
  .git/objects/3b/18c6ec0289a835ce89feaa41ef286c7c7bba02
  .git/objects/3b/3231371d1344a7b46f28f3443830a6860f5fbb
  .git/objects/3b/66994de08acece0c50945d43ca29d8aeae5481
  .git/objects/3b/7883f6e51ea03955684d1917f3b3d847677c06
  .git/objects/3b/7a1ddf99d51b3f831e597c929b6cf1404e41d6
  .git/objects/3c/0f272b99917425079602d9305c8d1b9c1daf99
  .git/objects/3c/38f8b365520bf598ed830fb82cbb607dd77c36
  .git/objects/3c/59af8ae9aebfd8a25fd1e01492a155cc892673
  .git/objects/3c/b3abfc2f225fa608799224164b7eb83461bff4
  .git/objects/3d/04441d3d244e4656a1a81c670a2dec7f3d3339
  .git/objects/3d/3020e61441896bdc7bb5aed91f2f7e5e629afb
  .git/objects/3d/34e2d1a82467c1200af7b04c1f3950cbbcba84
  .git/objects/3d/41463fea4d815a1057a272a5dd62c9bf5527fd
  .git/objects/3d/6f5eb84446926f8bf967a74d2fa5fe588ab2db
  .git/objects/3d/d9a6d06b5146ab336a4a441c3e7dc7ec38be40
  .git/objects/3e/477b48a27c585f2f804c407e1c23db0c4e1a6c
  .git/objects/3e/59e9cc417fedbc84d88c0c2d415056677256dc
  .git/objects/3e/7004de02e3367d436cbf36f4e886e9b1109669
  .git/objects/3e/7e830d06cb07e64891f43709913a4e0e9d4b4d
  .git/objects/3e/ab3e0c080b6b612f942072b2617dfd421634a8
  .git/objects/3f/1c3bbaf4fd7f552f9129b66c1883c0d1ee2415
  .git/objects/3f/361088f8b0c818ac6307d542552aa957113846
  .git/objects/3f/566963c5b1d4107794e2ae873ce9d45c197763
  .git/objects/3f/619d152c2dce57599447083fb919e37e865eb0
  .git/objects/40/a7a250359f5c7004bd9c644b9493dd9ad3d6d1
  .git/objects/41/0c3cf37f2c73f954b4c22c2ff8679d13eaf457
  .git/objects/41/137178a6195e0740cf2b3dad66e92a0273beb3
  .git/objects/41/22b78ba761760d6e92e14d1f26dbe86b2ebe33
  .git/objects/41/acd45c3d20e2625a9d09fd3d79dd4b11c9865d
  .git/objects/41/b53acf6705ff967851bd508f6faf7c98129f04
  .git/objects/41/f01e64d3e62a3d091abee6972dc674835f9e52
  .git/objects/42/0823e6adf6a33e7bf2f09aa5f980a82cb3db27
  .git/objects/42/cbdf225700806b799e56cc093554b3554dfca1
  .git/objects/43/28272bb32b299051bb37e1d6464c78c8ca54f0
  .git/objects/43/28e80342ceb7541ae2a7899b74b1df75d16a4a
  .git/objects/43/2af132ac24542479613e7e6143ae555641da79
  .git/objects/44/60a2c5d6897b55bb2025953f55abf985ec6dcd
  .git/objects/44/90d6f3ceb23a7eeffd8fc407562c46efee811c
  .git/objects/44/9e5d6b37b1b1b188deb9b822ba5b3e7671dbbb
  .git/objects/44/d978da504cbe221fc5d09f0d116d5c18507517
  .git/objects/44/f84e21a3a23ff13a0aef8e16a2275f6914ea22
  .git/objects/45/40477862952bc74fb707e1f657eef1748a568f
  .git/objects/45/5721d0f09665a51972f514ce25e6c2b6033fdb
  .git/objects/45/5977d1df3b66253223f09e5b40c68e954f6d46
  .git/objects/45/874ff0721b6db22f1ebe4ed255a64709ed0a24
  .git/objects/45/c80d31ab3bc2a013f936beda804465b18dcd6d
  .git/objects/46/a1ab7ff3810f02247ca46032c894d2ab8d8b04
  .git/objects/46/f525ec54bb351ded371e85a0ddb40b115f48c1
  .git/objects/47/1d061639e076087eb22a04dd15e0b0350ff1b3
  .git/objects/47/2d142111f5e9d0a79f7f78e78f71be1c18cca4
  .git/objects/48/09607e39dcc5b03aa63c1c2df41dd8ca6aef50
  .git/objects/48/27fdae7a2ea18382c764283be5f79f3cdd0059
  .git/objects/48/513ea394c31ff72033d1c7e4a285cd4155fb08
  .git/objects/49/0e2371d8a348a390ab7c67b1e33cbe9a8b525d
  .git/objects/49/7f8bfcfb9d13ad61d14d79963641e9aeab41b0
  .git/objects/49/c226f5dc27836fb7a7cbfa19aeb1b045b69f2b
  .git/objects/4a/200ffdd319647defff78aca11951c2c894d86b
  .git/objects/4a/22e2b8deb5fe661f012d58df5d7473adb5d537
  .git/objects/4a/ab1e820b71d00353133abc3c83ba617dac8779
  .git/objects/4a/c16cc7f63f772db8bb508c5656c090ded123dc
  .git/objects/4a/dd9dd0a9e8653f19b3cffc1a48b782e1035240
  .git/objects/4a/e1e8b433a1815505b3a962b6383fb7698e5ce9
  .git/objects/4a/e63e0a3f0627b9b6543bf48cd65f144ff72f1d
  .git/objects/4b/29d786850aef3a6020a4db017118153f04eb55
  .git/objects/4c/00a8e61c0344ef9c13c4f708c94c74e905ffcf
  .git/objects/4c/151cf418a2422e901053ec548340915d0e731b
  .git/objects/4c/a074394ec9247c89eecacc37c34fd7b067a4bb
  .git/objects/4c/d4068da8f1e3f509b4999ebb93e09664636a1d
  .git/objects/4c/dfdb1f710b46fd835d86456786dbcd7bd0aa81
  .git/objects/4d/18bda5925c10922f428993055921c5dd92c389
  .git/objects/4d/a115696ddd8239a3d9867c480528aac09fa410
  .git/objects/4e/314e44e3a7df448ea94cf02a1de7bec9aef2ab
  .git/objects/4e/33abe0c5c7392bac0c6ce8eb0887e0794a3221
  .git/objects/4e/b9b2c763cdd5f3031e7ff860b28a98297a750a
  .git/objects/4e/c859e6a086b4d23401df73f3175eca24c8cfe4
  .git/objects/4e/d907a5c31147f6a4250a8232c49826475221e0
  .git/objects/4e/ed7fd6efa30b08c66938639936e89a127b6510
  .git/objects/4e/f9b5146332ded3e6da1d5d401ebe6950d1c610
  .git/objects/4f/3fae6153d79dc8040b0d6898f0301c4b471072
  .git/objects/4f/b62278ce3e43a15471d3536295af68758d01c6
  .git/objects/50/3ca2af5091766e04dc4b1e34bcf5cafffa299e
  .git/objects/50/91217ff8adae491623f455740f270143d656ab
  .git/objects/50/f652d84632288e32ad718ebf1a55355e9c9edd
  .git/objects/51/2ab442cf127c7881548d492155355cfe3ceea2
  .git/objects/51/2bedab9fc8daa8a233cf0dca8446a7c5aa463e
  .git/objects/51/55ef1239491db20692e8507e39ddbfa30068b6
  .git/objects/51/9a1ee814e20652b47baaf8c75f18d5a44eb7ca
  .git/objects/52/1e653f6f92ccfc36c9e38727c7dd020a317d70
  .git/objects/52/262f21914be7f0c13238635c3aa73dc8ccde96
  .git/objects/52/423deb70710e5242cc27565857d66264172b90
  .git/objects/53/2ba08632eed6eccb081f61f4c8afa507bde4c1
  .git/objects/53/3785afb513e34b5da183899396225f3a77a3c6
  .git/objects/53/b0f67d53aa04422ec61bcee767b390931cf003
  .git/objects/54/41888a03f69f6170de02b1564faee4b9ff5141
  .git/objects/54/7ea9f829dd0ef20bc03641a0e5bd104ebf158b
  .git/objects/54/c7b1c9120d95aa6ca59ecb5dce70ccc11c0bdf
  .git/objects/54/eb008eedcb6400a0779cb70e16e90352d71567
  .git/objects/55/b4df332b2dc685dd13c2d71ce19bda535f6b5d
  .git/objects/56/185224880c6d4fd019fe977b78dbf0b5172d18
  .git/objects/56/ae1b230f15641bdda7528b7ffafd628e93abdf
  .git/objects/57/1dcd99c45af7d8de2533acfcaadd1bc9c1325b
  .git/objects/57/604aeff44c20d310f912100d1dfdb148201665
  .git/objects/57/79c2b403545c39ad23beae9622d589806f6eed
  .git/objects/57/e797e75a9a988ff51b05f7e136c6c2026214c4
  .git/objects/58/0e03965c0f2452fd636980c1bbca836065587b
  .git/objects/58/0e611443db7a8c0cf6a1a9981ea5aa5a686a6f
  .git/objects/58/912cea8accc1c7f2803b5858510f811d3ec16a
  .git/objects/58/d18abd51eefdbe1b6bb8ec2116569b2dccb834
  .git/objects/59/cac143cb43881824b62a10a4d3b2367a144934
  .git/objects/59/dda23bf71b62f15b65802371c9f3286f76efc6
  .git/objects/5a/0b0f7cff298f3e8e096e387481e3586219ef1d
  .git/objects/5a/383adb51231f6bade0845d2d0cc4d5040e909c
  .git/objects/5a/5d6723d06c2625f28ead247efd15dd254557f9
  .git/objects/5b/63575f6559b6b959191951ae8cf72d6f508596
  .git/objects/5b/6a0652566d10360493952aec6d4a4febc77083
  .git/objects/5b/c5c0d639232ffe6a8690034596a51e9d8f3a71
  .git/objects/5b/d7a0814f1c05daaa464a3018922ca3585fdec7
  .git/objects/5b/e0d1e546fe704e8830a0bcbb2f5d6bb06d691a
  .git/objects/5c/02a54eac14bdc402a0501345373ea5c507c62e
  .git/objects/5c/f4369cc55a20bafbcb41e9c394789187a54209
  .git/objects/5d/61ac1b4972d4fb7694f0c4ca7dc1a68d37a2d1
  .git/objects/5d/d0af35efea6fd8e197accf9ad18e17c80b4a11
  .git/objects/5d/d3ebbc54a2f63756586daa312135cf60fd711d
  .git/objects/5d/d8690e27f32fafe8da04806e4ece0980811643
  .git/objects/5e/465c6d681374bebba0931ecd25b3fb7993ec10
  .git/objects/5e/921c28e3c1fa3137765707a6c9a3ac578fc680
  .git/objects/5e/e4c25307ae0c1d98b61a0a2a4eaae90f1b81ef
  .git/objects/5f/036183214dfba163ce189019e25076efa3e18d
  .git/objects/5f/37ab03972a1bdd645beb76096893b346167d11
  .git/objects/5f/39664af3af576f9a936e212f007e8c32e02be5
  .git/objects/60/4f4c0e6f22acf46e70a7dee57165fecf7138ec
  .git/objects/60/e7c978e6297777273d048f1237c5fb8dd6bca3
  .git/objects/60/f66e23080f5ab550414e4ecec1992050d07a61
  .git/objects/61/02a0895667112d7f244cc8417ce6fb8d455a0e
  .git/objects/61/549975aecb3be1680aec263244edb68e997a47
  .git/objects/61/6e4844370a3e9401c3536f9c83411a4fda790e
  .git/objects/62/3b6a9f01740813435570b3cdf9a1e23fd35a77
  .git/objects/62/96cb18ff82ead6fc3cc5aab9594d054681852c
  .git/objects/62/9fb418bbcbbed9321a482fd2e8a878aad6a196
  .git/objects/62/f70b11f89112c21c309278fee2abb935c0f7ad
  .git/objects/63/3999d530969e8c79084518abca757676aabb1b
  .git/objects/63/3f9630d7315d64313869c62f3974d0ac53caee
  .git/objects/64/83b0bd1da3d88de8d99fdf350550e55a5917ab
  .git/objects/64/d3c550440a16550b4ac3370f627c9b549afc22
  .git/objects/65/34d0775a100a90bf3e676cf838262e7963ed61
  .git/objects/65/71833f85c0ad168c13e53ef70c049ea56069df
  .git/objects/66/3e8672e6cdf0e5cf754142ab4bb96bcef606f7
  .git/objects/66/40d45090a35b7bea4391a1e04a4df6b3fa2917
  .git/objects/66/53097c9d9585dbea3e24c2e8b7a7a76fe77d3a
  .git/objects/67/00879544eb12deee90152acc347bfd3a66c21d
  .git/objects/67/033ade8f11d1b740e67fd9dbdf21a85bd56b0d
  .git/objects/67/8061bcfdeefff577017881791ab22a53c0f642
  .git/objects/68/a503188cc08483a42e82accc185a13b760d877
  .git/objects/68/b93ff290cf6683bd5ef5459185cb79fd3601f7
  .git/objects/69/c833e9bdd0a46ba29fdc34f5491308b38f6ac9
  .git/objects/6a/1017dde7d3502a4440aee3eea1c64d16d17888
  .git/objects/6a/cef07bbc363d939e1edc3b5289e24c9902fbd4
  .git/objects/6a/e926839dd1829f1016a96f766d970ff184ad97
  .git/objects/6b/0be8df46ae8dc038256650b18e66c5a39fdd46
  .git/objects/6b/235facab34df71abccc5c29f00b3af31d186a5
  .git/objects/6b/3bc6235c78cf0f3d6aafd73f1354b620277a90
  .git/objects/6b/9e1143615a4cfd6eef149661f4d97c8072b168
  .git/objects/6b/b510df556926d7107654f58512c2cdf1cef67e
  .git/objects/6c/6eec1de5605b086902cfa29cccb9bc53f91d31
  .git/objects/6c/74ee536fec24cd22de0b2594d7e687c66a1530
  .git/objects/6c/ed8a6aef773100cf80bfc955b2962c5086c9bf
  .git/objects/6e/93d62e08ec4e729a2231b9f7915578e423d699
  .git/objects/6e/957407d963b44352c20fdd403e1e708ae2e439
  .git/objects/6f/5c842cb3b95eb7b44de05d2b7d8f36de4d6d57
  .git/objects/6f/865331a41c3a9b114ee55a2699cd0cbf300cd6
  .git/objects/70/96a427b61ddc82ab19eefeb4fe69fe753cf2e7
  .git/objects/70/ff6cfd92b34ef7c62b44e80a8a422008e219ea
  .git/objects/71/2ffdc493ff81ceb5cd24802eb5451eb7fcdcb5
  .git/objects/71/5780ca56d3cbc3f23117844934304f2ee33af3
  .git/objects/71/8ec68cecda5a0e459b93a87ccc3a57f8e8bfd6
  .git/objects/72/9d019943137af6c2589b78f5158f3e26b22770
  .git/objects/73/2affed9232f29b34637f3ca11750f982ca5cd1
  .git/objects/73/47eb00535606e2e0ae950132f40c691c0a833d
  .git/objects/73/749da044d6bd2377509995221ee9743bccfa15
  .git/objects/73/be728f832038cc6e7f193c9ce502df7bf4bd35
  .git/objects/74/6cf53dc87a4a0c3579be83fdd4eb8099000acc
  .git/objects/74/a224e6bef408e80d05dd875602e92285382644
  .git/objects/75/7fc4ea097fb7e01e6ca329b324cec7ab1d53f7
  .git/objects/75/ab7de6e4abb9c83d028c035f085977620357e3
  .git/objects/76/3242c8f75c7667c6165d009f07a6f5d3a6f247
  .git/objects/76/35c9523dec0eb6bc8a70ad8061425a65d940f2
  .git/objects/76/43eb0fd61bfc1f0cbb5c6fa845ca3eb1ab3cd8
  .git/objects/76/4505ad6bb3bb0337cf5566e45824e1cdd86739
  .git/objects/76/ecf88bcbc9476bfe292450eb38ab83db1a1153
  .git/objects/76/ee4904cb0adfd7efed92fd93fde863f2d99522
  .git/objects/77/7608fcd93c248e8ebe12ce69ae93b9250ad6f4
  .git/objects/77/7ca202659fbe5fcadf2ceae4e2e6caedffd3f0
  .git/objects/77/949f8362bced19da9cb55c2d505e67b682befe
  .git/objects/77/cd96f9bd00266462dd5f3058aa03cad7c9baf7
  .git/objects/78/0e5546621fc64d723774c633b76e1384bd59f6
  .git/objects/78/11c3e918d0365cea1294c60e23c144dba420ea
  .git/objects/78/2df0c1c43ac61e46542a61f21d5a0b228da0fd
  .git/objects/78/be27e2de7a7f26e6d77c6999d45998e0adca28
  .git/objects/79/0bd0a6d18941bea8096138a9f634d2d126e16c
  .git/objects/79/8a66eac8c1acb331105446df6f426cdcf2b0a0
  .git/objects/79/b512493922c758f70b6f132a0ebde788328920
  .git/objects/79/bc68543dfdb2ebd2de6515eaa15802061349f3
  .git/objects/7b/6f81f88221574f7c49930d1dcaba610a2d91e7
  .git/objects/7b/71f34e5d1591537294f08648caa73bbd9cdcb1
  .git/objects/7b/9d2dcc5854a49205dd20d45166e3815790f4a9
  .git/objects/7b/c539917468373819bc934829636d21d0af4e77
  .git/objects/7b/feeaceb7f4915895e0aabef2fca410bb1dbba8
  .git/objects/7c/b1467f276cd454cbd40b8d972759a8f110e9a4
  .git/objects/7d/0db69c5d077186f1f9484499f699918fb1a4ce
  .git/objects/7d/6a32c89f796b916c9b40c947a3eac3030c5bb2
  .git/objects/7d/d40ae5b4497579c688032575c55804022f120d
  .git/objects/7e/59539f9cafd6148f2a0225324aa63eee0ae520
  .git/objects/7e/60f6a2c58b1daeb3356df15bf3293b2441bb25
  .git/objects/80/1bcdc31a6e8428cd840f28d1d86227db033861
  .git/objects/80/ceef2705ad230ef5179da873bf7fe15fe6a7b0
  .git/objects/80/ed6329849122c20fbdcf34fe93cef0c9d78b69
  .git/objects/81/7452b5a563f38d8bc746476eb713df4d4a1c4b
  .git/objects/81/756dbd90af456a46589c08c2795f143afea6e9
  .git/objects/82/0247349e54b6ae46742420053480ccc2c6f78d
  .git/objects/82/110259492e0117b47adfa08bb1ed0f84e262b6
  .git/objects/82/46f8b352ac0519c2613a019344d0382035cfd4
  .git/objects/82/6e43f9bb8d9cdc51b305c56ca2cf959267f0d5
  .git/objects/82/76e301d5ee88021311b6c4372b0fdfb3662659
  .git/objects/82/9c3a997b73d8822fa27cbd2176bc540b3855cb
  .git/objects/82/a620dbbec8f4e20a29085a3de5ec049657c7b2
  .git/objects/82/b18921d455b4fc6853bd792c58c70484eaea36
  .git/objects/83/10625caa7b229d42129b4f282765f937ed7d22
  .git/objects/83/59298c8460d3cab2a1f9b193f2e26defe13d97
  .git/objects/83/bb3f36033b2be97cbebccd52e4db60edcf9dbf
  .git/objects/84/9546421e4bdac6463ed846d2be7467c5a5a980
  .git/objects/84/fb13888b1f17900c0908c4cb73c23429afba82
  .git/objects/85/1fc381ef1a8022bd2744e7394b3045b2717b3b
  .git/objects/85/2064d67c55ac6344a85d47dd7a9e76059f0260
  .git/objects/85/2e3446bff97a88756e3c3c0743c961f09a2585
  .git/objects/85/43c1c7569fa11a1507fd668ad7e87bd3c2f33b
  .git/objects/85/9fe60e94f7af78b9bc4b38e07559a8ffd3b678
  .git/objects/85/cc0cf0ca68a662d776db574de5b2963b195402
  .git/objects/86/0e6cdf4f741c9d5f4c21bfa1dd802dc0e6b35a
  .git/objects/86/2c97c59550bdee5ced546480ad4362482478b4
  .git/objects/86/890a74508e18f143e4f239838394ac03364066
  .git/objects/86/ba20173b12a049e29466c8831bae97032bfd8e
  .git/objects/87/094a8c8fae703ca10456448b86e7cf2d50da3a
  .git/objects/87/4f6f230ec52dcf4cd40b88b6ccbcc88225f1e8
  .git/objects/87/a29fcb7d28e627afe4fdb17438db87333c9f60
  .git/objects/88/3a538a4da986588e72d4cf9ca8c08a2ada2b90
  .git/objects/88/6b78f4e8282b032e213eae8f09ea8a6757bd63
  .git/objects/88/9caf38ec3f6679f6e13193ced3aac367e7cd2b
  .git/objects/88/b79763d399e99961936abea506141cbf531615
  .git/objects/89/758e57844f5722f390942560be648b8f73408d
  .git/objects/89/77409e433a86dbaf678658815e28d9d8bf9601
  .git/objects/89/ba359347e0c193341b749fc3e629dfa406c3a4
  .git/objects/89/c5752e501fdc31aa39a3d93b5fce66b50f0aed
  .git/objects/8a/130ef700c4110b06c2f08be2db6c4c094e7925
  .git/objects/8a/7c55d99b321d6768be0939e8b9e35537d318a6
  .git/objects/8a/a7d7d7c982dfbf4bfff258e44540a6ee799b8e
  .git/objects/8b/1d4fa3818eaf9798a6e7429ef13b35691ea01e
  .git/objects/8b/268cf598caf76fb7617cc540dcd4ddbfa57fd2
  .git/objects/8b/2f1191b2579f8af04c79dd70465c9468ff20ac
  .git/objects/8b/6265caf235ce0eafc584867b05df92ae1c4d62
  .git/objects/8c/00d58e9d2f326515d94795f9cac4b6fdfcbb9a
  .git/objects/8c/320f00975ee3ae77a7b2fb223435a3bf94bff0
  .git/objects/8c/5fe5efd183379738a5e5908c855478445535cd
  .git/objects/8c/db3a9dda9d207bf5db69cb6fd1af5b9c2d624a
  .git/objects/8d/61b1f8bad76736bd0911d4b989765ffacb19e7
  .git/objects/8d/ad336780c6c5efc423868b6b2d6ebc61f3fba7
  .git/objects/8d/b9b057033c9c98a658b4c659afebb50d91f006
  .git/objects/8e/baad9d948b890e555c1d5ee0b421e5cde3d118
  .git/objects/8f/9d7e8d5b597339756a945261a6d84397cc422d
  .git/objects/8f/a1ecc540d347ddff35dce1d93ec8f08facac72
  .git/objects/8f/bcbf14111afc814573cde7e19a8991e1643fd7
  .git/objects/90/cd56230fb16c77de71d65ad8e614ffd3fe3318
  .git/objects/90/d30a24c98332c7dd82e021de543cc4f8221816
  .git/objects/90/eacdc9fc628a1179c07e6af65761fb2a279154
  .git/objects/91/114bf2f2bba5e0c5252e75018da19b869776f1
  .git/objects/91/1ae0067dba6fd6abc6f056d1eee9476feed612
  .git/objects/91/3487673ca88814dc14422f9dd90050d9b3d650
  .git/objects/91/34a6dce223a6dc6479e9a287e2261e7ffec655
  .git/objects/92/1e5a4fb0a3426ea90738f1a60ab3ac4952c471
  .git/objects/92/4dbbabe20dad5d762f2e0f9a0faf60d865c110
  .git/objects/92/4eadf6d5bf529a6f1701b585c4be40d4bbfe22
  .git/objects/93/356ae6b89c47c809edc812c7fa81e334b6ac1d
  .git/objects/93/972a16b9813a7478f18c51e511b5e88d30f320
  .git/objects/94/c51832a7f5d3327e43981780fa26df33e81b3b
  .git/objects/95/7afbc8b831946d3fc8e9b26402579218800738
  .git/objects/95/87724ea63e00bccc0dd803ccad3b16e807fb03
  .git/objects/96/4aec57a149ba2c0d76ccec608b0c35fe2c5275
  .git/objects/96/76894015755ad2a303c1601827b17ffd0b3c54
  .git/objects/96/a902bc7cea8986b7b5e443fed605688a30d03a
  .git/objects/97/63df1724ef6aa1a1a30af5dcc7810059067856
  .git/objects/97/80878949670d51fe553aed15f1040ee3c02b9d
  .git/objects/97/ab8e0f92fe06b4a05bcb979375aaed2212cdaa
  .git/objects/98/a1ec1109e3268758daa2359d509ba7e7c590b8
  .git/objects/98/b7d3a989e264a78096d4331c074fbed8357a5c
  .git/objects/98/ba643b1f0a694d4beafa0f6e97f931e72eba7a
  .git/objects/98/dd475c471a02905adff2d4ed67a008b586ac7d
  .git/objects/99/028cc58956ad33cccf0ddba1fe0b2528805623
  .git/objects/99/8d8ff2ea4cd1056d9a4c289b3dddbd69d29c42
  .git/objects/99/faede09e5d179d864d3f9f8f5c1b5a83b24a88
  .git/objects/9b/0d5ad0fe6070078ca258e189a82781cdfec386
  .git/objects/9b/e796f75023460c1d9570d7a2d027b53404c68a
  .git/objects/9b/f781d6f05cd3526a20ceddf2ccb0988b548db6
  .git/objects/9b/f7cb3218ee2d9cdc59bbb808691c31fe84de5a
  .git/objects/9c/90f171b92cc6d3432fd8430e0b26172207e93f
  .git/objects/9c/bbda273bada2c9816942e87ffa86d34527b83b
  .git/objects/9c/d04807788eeeeaa1cab3c2d4c43c44b711e9d7
  .git/objects/9c/d81633e0bc655faf6a90b2b5a52e83367ebd0b
  .git/objects/9d/aed3462068bf308333a897a62f1233aa728afb
  .git/objects/9e/b7690d657a338be34337aa1b50ac591f49b379
  .git/objects/9e/c321efd6b8c54dcc09a531ed5d7883baf548d5
  .git/objects/9e/c52977c1576e07ab2249e17b637bf6dbd2453a
  .git/objects/9e/f6aced3a98259387fe73043ca549646a67ce6e
  .git/objects/9f/49fc08a6e82a33a129ad18305278eab021a075
  .git/objects/9f/702c014ecc4204e3ea6c1d57dc10f14ff40325
  .git/objects/9f/b06847e600982f2754ae708fec0d99d90daab7
  .git/objects/9f/ec8171aa9875fecce6e2e8a2ff82e7fe03f9e2
  .git/objects/a0/ff9c674f2f091561502ea2f1a68e52f29f305c
  .git/objects/a1/526b53e8721b3495aa696ab4ad316b3e93c7e3
  .git/objects/a1/f2fe326bd48526a8652fa276f30a9de69595af
  .git/objects/a2/198210ba46a9709e7f24edd589b9713de9f1b9
  .git/objects/a2/9e0d0d32a27a0bc3ace9711098c21a603e77ec
  .git/objects/a2/a01b9c16a991e4e58843a2db03ad3297675a11
  .git/objects/a2/ed80574a5305beaa575bff8335440af0a40820
  .git/objects/a4/9a3181ab590495e22fbf40e18ce966d6ed9c44
  .git/objects/a5/423a732a30aba29be9bd4c8c865b27de494e82
  .git/objects/a5/8414086e578052e69bde9138c071183bf85d23
  .git/objects/a5/f23b53898fe38a34c41b1e8fe36224983264f1
  .git/objects/a7/09fd87072f175dea79c355b03b93f26053a863
  .git/objects/a7/293c39c072bcd79c8e18eacebd19f4289a5ead
  .git/objects/a7/393fda43d8dec2079e32ad392d58a9e1df51ef
  .git/objects/a7/57a18b37d13f25722c35e19782bdf99abaa9db
  .git/objects/a8/82b05a8d2e4be10839747d0bd284ac8a3d8f93
  .git/objects/a8/ba23c08b178277b273be1754c76a0f6eaaf99a
  .git/objects/a8/ffe35004770b9444bb01c116f8ae0882b0f20e
  .git/objects/a9/71e297db53d0809aae89380ecebdfedd897fb9
  .git/objects/a9/ce1ccf107b85d02b8f612ef2e47235de1d7ce3
  .git/objects/a9/fff6596696b0c5b4dd7dd2cbf4b4f938f8f2cb
  .git/objects/aa/1899a19ad5fdc309f2ee9a08822edace068039
  .git/objects/aa/f4c65cc9b3812638b332bf48731339cc95afe3
  .git/objects/ab/1646fcfffb31ad6629870421bfe2512156fa7b
  .git/objects/ab/1bc65984206c3d9198e6ec6ec9e4a25d462f13
  .git/objects/ab/a3f0f5f8c70943c861c6cc24f2611c8c133fbf
  .git/objects/ab/ef7ab1dacadd6e73e520c436de91f2088fa45a
  .git/objects/ac/a20cdb88fbfde526899b91d3b7742dcaa0dbf9
  .git/objects/ad/16962fda8eb2ee7cfea792e899b619e02c3b04
  .git/objects/ad/8d8ab1a9cf357de8a1f1f9dd3b4f0d57ace029
  .git/objects/ad/b4eb5a74320b061c630f414f304e9a832624b8
  .git/objects/ad/b9d78c097860648392d6014ce1ab4e71177189
  .git/objects/ae/5df1664168677644ad35e2cd576fd2a30ae382
  .git/objects/ae/6b4562a6cb753c52165ab975b94a809970d1d8
  .git/objects/ae/b4c3496ad7fc91610771892dca8f667a8ab29f
  .git/objects/af/5e274ed11f685d2ecddaa3322e51e02679f6ef
  .git/objects/af/6942aff48e27bb81c2c638eb04b43d0b0ba7f9
  .git/objects/b0/6acf7a8694dd1d3d42cb54e6821bc18c09ae56
  .git/objects/b0/8c9c9e88f43d773b2067f25dff822eb89602bd
  .git/objects/b0/958d7a3f9bea45af5aa1217d8b8e1d7cca4cb4
  .git/objects/b1/eae0e25a6fdeea799e87a25658dc829839bb30
  .git/objects/b2/0e6f178d1c693fe4a4e06810cd2324f5e59da3
  .git/objects/b2/3363448a29d37582a6390603dbe12169709b8f
  .git/objects/b2/817fde0854cf180cbfc4173395f355f74a8d09
  .git/objects/b2/9387d3d607da48dc6301e8b65d0e2b8f01f04e
  .git/objects/b2/b66ed7aea45617ab749e9273e5dbd92d3354d0
  .git/objects/b2/c151841d426eaeeeb52d2dcc4c2a42a38a5aff
  .git/objects/b3/42d099fffe2b61545fd30646a5fff43c8fff6d
  .git/objects/b4/13cb3656ca4c04c37b4b86c48257e37222cd6c
  .git/objects/b4/c5c2c8151e755e26108014b8c07e5ef7c0881d
  .git/objects/b5/145b230bc93ae627f3419effe02712d1a78e80
  .git/objects/b5/a97a91d2f127f95cf50191c4b27e675e98d6b5
  .git/objects/b6/550b4a2451e28d5d75e58b8efcd85887dd00d7
  .git/objects/b7/55f8719fda633679fd80bcd6b51b3807da805f
  .git/objects/b7/c2d832a6eed3616882ccd2934dafa9d5e41d1d
  .git/objects/b8/1a2ef225ba3867bc803487b44afba7a66ec931
  .git/objects/b9/1eac18560e851840e86120aeee6e0cdce5eeee
  .git/objects/b9/cc5416dea96812063fb9a355aa23b0d53029e7
  .git/objects/ba/14091228fa59130d37795894bd7b221df0b5fb
  .git/objects/ba/32adc4c9be620fdffd8e550d0c01a3910cd86c
  .git/objects/ba/e85d77a8e9a6a6f3020007e950ee3f827fbd84
  .git/objects/bb/0a7fe0f19d640c6871c40013aeec3479bd7131
  .git/objects/bb/14452430a65b8165a55359902d1354fcbb1f3f
  .git/objects/bb/432bab35bbff363703517cb00fb6b0d2f0eeb3
  .git/objects/bb/5665f3e04e04c8c39e29347920504ae8efa53e
  .git/objects/bc/0df4bb24eea5d8d7bac7841f220876b3d93606
  .git/objects/bc/375854378be666708e03c669653628dec0211c
  .git/objects/bd/565613ec03b13d9d7200dfd4d868265139b66d
  .git/objects/be/9342de07373d9a1e10520e7f0806b4f129f300
  .git/objects/be/9fddc98cbf2d961d40fe23def40a199e99a110
  .git/objects/be/bba25a39ce0b7327e185ff06714b22dbd8f8fc
  .git/objects/be/f80c0080244a16c09165ffc541cfd43c0b9909
  .git/objects/bf/1ee1ca596d989f7fc70518b0efaaf80c2ed905
  .git/objects/bf/55089cb9de637ee16380d14625a3431d960fa3
  .git/objects/bf/82220ff12dcb0b01b5f9159a847959ffb188dc
  .git/objects/bf/975087509f59ae65388185519bc62349daddbd
  .git/objects/c0/2a3e338c01b05d388a232620399a65e6fbade5
  .git/objects/c0/2b80c84ef626e70a26f8a72534c3b1d0dfd09d
  .git/objects/c0/569d7c8f12f2f3ff9b232131578d85c936bdcd
  .git/objects/c0/5c53694fe8c31db4cbff8606746c74ab3dea93
  .git/objects/c0/dbb247b35b835e4f9c2a6d5a969755c3e26ecf
  .git/objects/c0/f5fb6436f1d30b595afa56246098780935b3aa
  .git/objects/c1/9ea12f46ac2ad1c26a3185dcd0bb41d974ba39
  .git/objects/c2/12b1cfa08b91e46316116e79ee054c76fcd55a
  .git/objects/c2/26dd36da82cc7bbde2138fdc217c9d9cb84930
  .git/objects/c2/3e384392c33c077749eaff17d75a95c1f3bd3d
  .git/objects/c2/52d7ff7c05d9399a83e450caf9f14ddf095262
  .git/objects/c3/53f875ad527d75397d9a7bdf94063a8c11794f
  .git/objects/c3/9382cde10dd671db2bb6fff3f2cff5ecf6c5d5
  .git/objects/c3/eb0a0e2c6c2f9f0abde3e60efae00ccd605aed
  .git/objects/c4/895e94070e175555cf3c60e573183696514eb9
  .git/objects/c5/1e840b0f8e3a3e29fa88474745490f1b90169e
  .git/objects/c5/336fbc439ce55525030f05800f5cae1b72ff48
  .git/objects/c5/4bf99feddade058ad1f7e8ed996660433041fe
  .git/objects/c5/7639548027a5c0bc98479d5ccec0f48fe3065e
  .git/objects/c5/a3e6fadf55f880aafb6736b029efe1be388cb2
  .git/objects/c5/b72db7d5e8a9d5498fb017023f71b11e062964
  .git/objects/c5/edc0de0bb4690cc03bf8a07c064e33ae4044ad
  .git/objects/c5/ffc8c2624324cfe1ab2ae4d93c31c43d6de12f
  .git/objects/c6/aa8cabd787f0a16d94c5eb65c16f087614655c
  .git/objects/c7/a2f92b3c3d15540438884efd60f6b90044012e
  .git/objects/c7/aef628623e20e57a4b111097a8986beef1c83c
  .git/objects/c7/edb32a6a29a3303800f710ca10f1b70224ed21
  .git/objects/c8/162a2546184cb02cf6744e1a3f11f0551006f6
  .git/objects/c8/33a2c666716a8e6dc01a2456b9f64ca6a2392b
  .git/objects/c8/cd7372cda619f5e3378ae4679feffd8612da19
  .git/objects/c8/d27892a71d2ebcb1657eb8c19546877c27dfff
  .git/objects/c9/8006b728fef9976d9d88099df34e70610e7957
  .git/objects/c9/a02a674593d17b94e5b0bb2dbf9de66a1bf3d8
  .git/objects/c9/c0ab0a7a3373b924f361d4e7d8357605b58f8c
  .git/objects/ca/2308010e6edc91c2d25f5588ef1f6c838e0457
  .git/objects/ca/476e5c5d00d8720e66a7e326d3022fa8ee7478
  .git/objects/ca/6213c7817572f289fd21080020e71726605a15
  .git/objects/ca/abb45c5f5c2cc8b367e0e78a952120e4fb218e
  .git/objects/ca/c34a36475b9eaf9bfbbb520b2990bdfed0a801
  .git/objects/ca/da2cc0f21278f2fe33284c2e6d358529ff5e27
  .git/objects/ca/f85b3c3cdaf46bbdf421d21087e00c13e8771d
  .git/objects/cb/06a7db9ebbcfb798f69959d983ba22b3ac8125
  .git/objects/cb/23dba13018b27a26c4e65945a7bdacf30ba84c
  .git/objects/cb/6f55831b5bc723ca3383cf4bcea63134f60ca0
  .git/objects/cb/e2f8eb8a63245492bc9cd4ada8ae3ea485df34
  .git/objects/cb/f04ff80a6b05381f2ddbb5ed4a8b67ec4732d5
  .git/objects/cc/1a21f38bb40d14653f497d097c165bb0aa7b1a
  .git/objects/cc/99fe137b3eed82f9c07ec3dd9d9388f3f86a3b
  .git/objects/cd/751ba4042185d6604afbcd2d33a14dd640b43c
  .git/objects/cd/e636a88df4d5e6d1223a3fe1c41f9670cc927b
  .git/objects/ce/b9c75bbf2ead2e71884bf83b52ec3b31eefba8
  .git/objects/d0/16e7b0073c957b92d6c982d3b58309475b167c
  .git/objects/d0/737e0dbf155ce610e2b67868d470793d2ac723
  .git/objects/d0/d5460e698c6651cb444942d11518c43e9ff8ff
  .git/objects/d1/3008c6b8abf7f4d32924c8fccc315af381d9ef
  .git/objects/d1/4ec9375fa7a93e6eb63daef5d9d451cca9018f
  .git/objects/d1/84027351bd80333b669f1701ddb04d3754f113
  .git/objects/d2/28b48ba8a70185d0744a64cb5cbfafb7f0d9ea
  .git/objects/d2/38723d17eb7aa9dc989fe646570f9683e2e817
  .git/objects/d2/49fec4cec375278c96935451c52c8d3939b458
  .git/objects/d2/c0f15463e6faa3fd878d5a1707c33534e1b2cb
  .git/objects/d3/38254742773cf92b5c1adfb51ffc9ca6c71778
  .git/objects/d4/c6d66e100ddc16d3f210ad5b0c9608a45ce4ce
  .git/objects/d4/d8679e0b4cecaef4ab6710048655b35ecb9d84
  .git/objects/d5/2fa9939f6dfd779d1d9fb311802ce195030233
  .git/objects/d5/985af757e80d70357ecb83bb1e1c98b17f82ab
  .git/objects/d6/6c9aee7899289e92c33af1b0972e4367b5a1ef
  .git/objects/d7/597463de1991a3c617f9da78bde00f41012809
  .git/objects/d8/3e96af1bef8e22f3d3bdf5838cd4d5183a69eb
  .git/objects/d8/3f47d68910b166b4f79bd3a8dd130fe81edbda
  .git/objects/d8/6ead7ef168c32f5eed5b41c1e8e62987b560a6
  .git/objects/d9/3def7ec0745c91ada95683f36eb8dd94f5d2f6
  .git/objects/d9/48e8972dcd867f6bfb7fdcfceea3d0bad40982
  .git/objects/d9/8c84f5558b031467260ca46ad169a773edfcab
  .git/objects/d9/b9e1ae335090f89dad1310706916dcf4c64d60
  .git/objects/d9/ddfe5d645e3b39c5183515b0e8c520e0a65e32
  .git/objects/da/ad5223ca6aadc448d6c3143b5618bac24e7814
  .git/objects/db/725001adc8d961c5e591b319a20c1762ba4e87
  .git/objects/db/9cdd8a9e18c40cfeb272a81b072d2aa42350cb
  .git/objects/dc/46870e612930599bf45f17d5efd163d6301cfe
  .git/objects/dc/48c6715982ad7ccc73b5c1ca828533537cd788
  .git/objects/dc/94a083f409ece21c54dad8bbfda98e74742395
  .git/objects/dc/b5e68b5008f40340e4daf58c2fcbf24ce4b47a
  .git/objects/dc/b7f79cfe148daea6e38de6d472fb91fd2c11ac
  .git/objects/dd/c23f14b6a737f085f5546125d11350955cb3ce
  .git/objects/de/4a2cc5bed6916a86c44f6ebcc634a6284be39a
  .git/objects/de/b5174837b1645534db828b568b4e0afaa92e66
  .git/objects/de/eed80d57fba95c7f386a5df0b8f2b27b221cd1
  .git/objects/df/37a34b0f9e25b38a4621ac834aee5c147dde0a
  .git/objects/df/45e0e788ec504a4438cfe85529707630927422
  .git/objects/df/9bae91693ea5309ef907dc6fc4a0461a20db40
  .git/objects/df/ff0240d7fc63c482e5d8316f1e07b07254b641
  .git/objects/e0/7a702e56362deea3a701d492ef047c0586b410
  .git/objects/e1/b5e3b685ccc690c63f55d564ae742885128f37
  .git/objects/e1/b78a57e8735608c2e3f7927fc4bdc0b748a967
  .git/objects/e2/64a3dab16f897e47c8d171e7d15ad25237560c
  .git/objects/e2/7c7f1e921fbf783487e4eead3b74b07c1ee688
  .git/objects/e2/9f15b3f5a976c122e0c7ab36e6dca3ccf0bed2
  .git/objects/e2/c19c0e2f98d08afa36a2ff091d35ab507d51d1
  .git/objects/e3/1a2ee593f96b3c26e0ba03892117216e136d9e
  .git/objects/e3/5d1c2f0c89f3c6e316785c836bc93f1063ea73
  .git/objects/e3/786ca283ea3903d357285113b16b58cf7365e1
  .git/objects/e3/8a17e379cc2220385085a96872228b3f8dc787
  .git/objects/e3/dc44804bd1be36c565d9ebb3bdd82e206703d9
  .git/objects/e4/139cb14e889a68ebe3dab7e53ecd05b0d3f379
  .git/objects/e4/db922c897b8650ac6565b4943e2010ff8f84eb
  .git/objects/e5/52d7c57fa776aaf83fb9326d3c18f9fb9c063b
  .git/objects/e5/b3e540ea5fb2cc3555aaedc172de5559fd2d54
  .git/objects/e6/10503fed4a7185fbae47bb60ab203012fee66b
  .git/objects/e6/9de29bb2d1d6434b8b29ae775ad8c2e48c5391
  .git/objects/e6/b1e69a759c13490ebfb85d58decb74acb1ff3a
  .git/objects/e7/2c60d78aff023e4ebc25cf233af005e4ae2bc9
  .git/objects/e7/41bc13498973f20d898bad3cf037ae71db527a
  .git/objects/e7/8aa6eda3422d7182ae1d59d836809929ccb79b
  .git/objects/e7/9745795ad539d69253ce464e2af57774cebd82
  .git/objects/e8/462fb028705501e05075134e159e1be3851d84
  .git/objects/e8/5eb4e43dd83890430def31ef93ac3ad183ecb1
  .git/objects/e8/ff407235cb6bdd63c8253acc2cbbc50e3268e6
  .git/objects/e9/52c07b8afc8291f6f51fb0adfb9449d7a14136
  .git/objects/e9/a212da8e816a6e9168de0baeb35cfe29ba7a87
  .git/objects/ea/119707b6d25d12e869ce6bbc418bf3fa98c993
  .git/objects/ea/9734295b603b016fe0d7944f4c796d5578cbb6
  .git/objects/ea/cb7e8ffe1e12f68db70e4b10866ecff82ec6ad
  .git/objects/ea/f39729d1eaaba67e7bef4fa9f99d708d1673ac
  .git/objects/eb/0a818604fb99b833cd9b8ef87c28f10254ec65
  .git/objects/eb/32642f84355fb23c4eadf76ff89eca2fbfbb4c
  .git/objects/eb/d45cd8ca50dff9e294ec16cc58af4ec4febb7c
  .git/objects/eb/e131349db9b3c327bb7696abfef640da18823c
  .git/objects/eb/f35888d87397d04ffe80286a74190b70e4d172
  .git/objects/ec/619be080fa7494e4c94c76eea02f1a11e8c0f3
  .git/objects/ec/88a15edaf8bb835f7c44d9f5d017e4ddce83c5
  .git/objects/ec/cf41c67b100278bce7e7d25cae1f5826535a6c
  .git/objects/ec/dab8db2524f22d86d8bb9d26e7643fdb1930c3
  .git/objects/ec/fd2fbde9fbbf26fa495e5d09a952389db016fe
  .git/objects/ed/33576b11ac2b0efc73b756d966de83659e39ea
  .git/objects/ed/6fc1729675a4c8024dc92288a097655b0d5fbd
  .git/objects/ed/d64cfcae50e74dfd48f2a231b870ebeffb7745
  .git/objects/ee/2ee2f2fa70f82987787edc7bbdb10d16ec35c2
  .git/objects/ee/a5519efe932882484e3e42a16d3fa4bc29fa23
  .git/objects/ee/d7f735afe8b111e8fae5de9b27f7f8611d339a
  .git/objects/ef/33ca751fe2c1640a6b42439a57d17d578ac0d3
  .git/objects/ef/53f4f5c4774db6fdbb6969916559ee7815ebe6
  .git/objects/ef/d8d3d02071ee42418d95f1efef63072c1f86fc
  .git/objects/f0/374122d0beb520a1cebebaf46687e432e743eb
  .git/objects/f0/417be1e4d0e0a2192dbdb1cb1fe67ecdee25b5
  .git/objects/f0/5619ad67f553dbfa08fec50f3994183e357efb
  .git/objects/f1/415fbe092e16af3808276518e97b90298eb5b2
  .git/objects/f1/4add6b02538698434c0a72044de2c002ea9e09
  .git/objects/f1/6c68cb402e2e485ed5e89cf993e5a774e9cb9e
  .git/objects/f1/b932b9102ec1acc43272accc32dca281eceaa3
  .git/objects/f1/d60340752b9b5eed662392272bed7eba308f94
  .git/objects/f1/e4e7ff12468f060539748179b8f0bd77c0465a
  .git/objects/f2/a3f291b15c257056e684486808d3fe91419a4d
  .git/objects/f2/f69345dd1baa6611ccc892e2a8d2bd3cd9dfe6
  .git/objects/f3/a5d561064a5b4455d0d019502698c9891c4c09
  .git/objects/f3/d69cd0fa6bf7ad542d8c28b1cf9f3b2c287fcd
  .git/objects/f4/3d3f901c7d582e6ae97f8c54da9165bf031996
  .git/objects/f4/4641259ba53e2f7bfd8bff0d05710c3b617183
  .git/objects/f4/66c4741d4187bf988676ba0f2907d52f1386fb
  .git/objects/f5/87c5d79b11a2f5c705ba8f54338f23a50388d6
  .git/objects/f5/9da3c5ddb1a3f654705668f6196b8b2c0ae534
  .git/objects/f5/b25afa8b813e19a43e1b6d76e8e0a9ea0fcc3f
  .git/objects/f5/d07b223acc3996f3b3cb4654bda0fa84e6b1d7
  .git/objects/f5/e8979e78cfcb39a575fa84766ff4896d745c7b
  .git/objects/f5/e9f381ebda935fa908c4e288985a9a1d774317
  .git/objects/f6/97b8c4d769a2b3a763c00c0a7561950dc857db
  .git/objects/f6/e61a12dbd97bc86fac95aa07a18d8f73d0f256
  .git/objects/f7/591a1c153a8aa19089725cb695908e271a93ad
  .git/objects/f7/6be55b19636964661575f3874401062824f3c0
  .git/objects/f7/9e3d16c8b9a01836262889c606721e1cf7ac10
  .git/objects/f7/a471c9fabba89ffc9d291c075094605eb0c48d
  .git/objects/f8/08b78a181f0cc33a7a6d7dcf998074ee0c56b1
  .git/objects/f8/3d22ecbf23270615732b452fa13ff43446d6fa
  .git/objects/f8/5b75918c2d31410bc383c57ec989979a2593ab
  .git/objects/f8/a6c7edac6851daa7a8e3f8b45af26b22280770
  .git/objects/f9/3f1b9493cefd64d522f0319117047331a365e9
  .git/objects/f9/6321c676ba7bf329f7d83862db27e82b3ec970
  .git/objects/f9/84021643a68f8a44da1ff6e06c1f08a412b4b0
  .git/objects/f9/9198f1292764f0db35ce658d8783ff1b17a092
  .git/objects/f9/af01d640ac0f91886b68fd94613f7666676fa4
  .git/objects/f9/b89e47ae4567bf51205564e02382768d5fcc86
  .git/objects/fa/44abd9253003bb0f51f362bd57d2000d4ed9c7
  .git/objects/fa/74e04b75cd07c17ca5213d0b237096dd3f196a
  .git/objects/fa/a0a83b01d6c82d261fd3be2b2616282d2ff98b
  .git/objects/fa/bd2f34e21f96279f0f201a2e8add87327bd200
  .git/objects/fb/096970d01d60cde95a3494768c8f9f60cb1a0a
  .git/objects/fb/11693657773914c24655fe61fd4be970648b6d
  .git/objects/fc/b9b7dc58b2a58cfc6152f59ce3bb7ff3667d2b
  .git/objects/fc/c6a83963e0686c012c49acd721181937030ed6
  .git/objects/fc/fa062e3b65c23fe7368a6803dd464e3b09e4ff
  .git/objects/fd/0c6bca32418c7bdfeb6425bda9dd9c96a8f025
  .git/objects/fd/87869925b4ef5d9454501af047ed5f9e256ec6
  .git/objects/fd/9a4aa12582b28ccf0c842f043c5267d62be00c
  .git/objects/fd/9ed0a5d63d1c4e6ee49aeed02c7665fd89e0b8
  .git/objects/fd/d00422e32532b3d989867fc1768f3a0e4a90b4
  .git/objects/fe/1b628187a00d37cce83f320593d817c4913112
  .git/objects/fe/4a96cb2f3c6ab0150b9ff037b4c059e36cf968
  .git/objects/fe/53b585740e7eab4871098711bc764e7a831d5b
  .git/objects/ff/6398e2bb52431bd973be162da2cce3426b93ed
Source packages should not contain undeclared executable files.
See section ‘Package structure’ in the ‘Writing R Extensions’ manual.
* checking for hidden files and directories ... NOTE
Found the following hidden files and directories:
  .gitignore
  .lintr
  .travis.yml
  src/.gitignore
  ..Rcheck
  .git
  .Rproj.user
These were most likely included in error. See section ‘Package
structure’ in the ‘Writing R Extensions’ manual.
* checking for portable file names ... OK
* checking for sufficient/correct file permissions ... OK
* checking whether package ‘padr’ can be installed ... OK
* checking installed package size ... OK
* checking package directory ... OK
* checking DESCRIPTION meta-information ... NOTE
Checking should be performed on sources prepared by ‘R CMD build’.
* checking top-level files ... OK
* checking for left-over files ... OK
* checking index information ... OK
* checking package subdirectories ... WARNING
Found the following directory with the name of a check directory:
  ./..Rcheck
Most likely, these were included erroneously.
* checking R files for non-ASCII characters ... OK
* checking R files for syntax errors ... OK
* checking whether the package can be loaded ... OK
* checking whether the package can be loaded with stated dependencies ... OK
* checking whether the package can be unloaded cleanly ... OK
* checking whether the namespace can be loaded with stated dependencies ... OK
* checking whether the namespace can be unloaded cleanly ... OK
* checking dependencies in R code ... OK
* checking S3 generic/method consistency ... OK
* checking replacement functions ... OK
* checking foreign function calls ... OK
* checking R code for possible problems ... OK
* checking Rd files ... OK
* checking Rd metadata ... OK
* checking Rd cross-references ... OK
* checking for missing documentation entries ... OK
* checking for code/documentation mismatches ... OK
* checking Rd \usage sections ... OK
* checking Rd contents ... OK
* checking for unstated dependencies in examples ... OK
* checking contents of ‘data’ directory ... OK
* checking data for non-ASCII characters ... OK
* checking data for ASCII and uncompressed saves ... OK
* checking line endings in C/C++/Fortran sources/headers ... OK
* checking compiled code ... OK
* checking files in ‘vignettes’ ... OK
* checking examples ... OK
* checking for unstated dependencies in ‘tests’ ... OK
* checking tests ... ERROR
Running the tests in ‘tests/testthat.R’ failed.
Last 13 lines of output:
  1. Failure: Package Style (@test_zzz_lintr.R#5) --------------------------------
  Not lint free
  R/RcppExports.R:11:1: style: Trailing blank lines are superfluous.
  
  ^
  
  
  testthat results ================================================================
  OK: 169 SKIPPED: 0 FAILED: 1
  1. Failure: Package Style (@test_zzz_lintr.R#5) 
  
  Error: testthat unit tests failed
  Execution halted
* checking for unstated dependencies in vignettes ... OK
* checking package vignettes in ‘inst/doc’ ... WARNING
Package vignettes without corresponding PDF/HTML:
   ‘padr_implementation.Rmd’
   ‘padr.Rmd’

* checking running R code from vignettes ... NONE
* checking re-building of vignette outputs ... OK
* checking PDF version of manual ... OK
* DONE
Status: 1 ERROR, 4 WARNINGs, 2 NOTEs
